{"contracts/mocks/DaoCallerHarness.sol":{"l":{"13":1,"17":1,"21":1,"25":2,"29":1,"34":0},"path":"/Users/worms/Documents/templ/contracts/mocks/DaoCallerHarness.sol","s":{"1":1,"2":1,"3":1,"4":2,"5":1},"b":{},"f":{"1":2,"2":1,"3":1,"4":1,"5":2,"6":1,"7":0},"fnMap":{"1":{"name":"constructor","line":9,"loc":{"start":{"line":8,"column":4},"end":{"line":10,"column":5}}},"2":{"name":"daoWithdraw","line":12,"loc":{"start":{"line":12,"column":4},"end":{"line":14,"column":4}}},"3":{"name":"daoWithdrawAll","line":16,"loc":{"start":{"line":16,"column":4},"end":{"line":18,"column":4}}},"4":{"name":"daoUpdate","line":20,"loc":{"start":{"line":20,"column":4},"end":{"line":22,"column":4}}},"5":{"name":"daoPause","line":24,"loc":{"start":{"line":24,"column":4},"end":{"line":26,"column":4}}},"6":{"name":"daoDisband","line":28,"loc":{"start":{"line":28,"column":4},"end":{"line":30,"column":4}}},"7":{"name":"corruptAction","line":33,"loc":{"start":{"line":33,"column":4},"end":{"line":35,"column":4}}}},"statementMap":{"1":{"start":{"line":13,"column":8},"end":{"line":13,"column":65}},"2":{"start":{"line":17,"column":8},"end":{"line":17,"column":60}},"3":{"start":{"line":21,"column":8},"end":{"line":21,"column":39}},"4":{"start":{"line":25,"column":8},"end":{"line":25,"column":27}},"5":{"start":{"line":29,"column":8},"end":{"line":29,"column":32}}},"branchMap":{}},"contracts/mocks/PurchaseCaller.sol":{"l":{"13":0,"17":1},"path":"/Users/worms/Documents/templ/contracts/mocks/PurchaseCaller.sol","s":{"1":1},"b":{},"f":{"1":0,"2":1},"fnMap":{"1":{"name":"constructor","line":12,"loc":{"start":{"line":12,"column":4},"end":{"line":14,"column":4}}},"2":{"name":"callPurchaseAccess","line":16,"loc":{"start":{"line":16,"column":4},"end":{"line":18,"column":4}}}},"statementMap":{"1":{"start":{"line":17,"column":8},"end":{"line":17,"column":37}}},"branchMap":{}},"contracts/mocks/ReentrantToken.sol":{"l":{"27":2,"31":2,"35":2,"39":3,"40":1,"41":1,"45":1,"46":10,"47":10,"49":1,"53":9,"54":1,"55":1,"57":1},"path":"/Users/worms/Documents/templ/contracts/mocks/ReentrantToken.sol","s":{"1":3,"2":1,"3":1,"4":1,"5":10,"6":10,"7":1,"8":9,"9":1,"10":1,"11":1,"12":0},"b":{"1":[10,1],"2":[1,1]},"f":{"1":0,"2":0,"3":2,"4":2,"5":3,"6":1,"7":9},"fnMap":{"1":{"name":"constructor","line":23,"loc":{"start":{"line":22,"column":4},"end":{"line":24,"column":5}}},"2":{"name":"setTempl","line":26,"loc":{"start":{"line":26,"column":4},"end":{"line":28,"column":4}}},"3":{"name":"setCallback","line":30,"loc":{"start":{"line":30,"column":4},"end":{"line":32,"column":4}}},"4":{"name":"mint","line":34,"loc":{"start":{"line":34,"column":4},"end":{"line":36,"column":4}}},"5":{"name":"joinTempl","line":38,"loc":{"start":{"line":38,"column":4},"end":{"line":42,"column":4}}},"6":{"name":"transferFrom","line":44,"loc":{"start":{"line":44,"column":4},"end":{"line":50,"column":4}}},"7":{"name":"transfer","line":52,"loc":{"start":{"line":52,"column":4},"end":{"line":58,"column":4}}}},"statementMap":{"1":{"start":{"line":35,"column":8},"end":{"line":35,"column":24}},"2":{"start":{"line":39,"column":8},"end":{"line":39,"column":35}},"3":{"start":{"line":40,"column":8},"end":{"line":40,"column":45}},"4":{"start":{"line":41,"column":8},"end":{"line":41,"column":37}},"5":{"start":{"line":45,"column":8},"end":{"line":45,"column":58}},"6":{"start":{"line":46,"column":8},"end":{"line":46,"column":1185}},"7":{"start":{"line":47,"column":12},"end":{"line":47,"column":41}},"8":{"start":{"line":49,"column":8},"end":{"line":49,"column":22}},"9":{"start":{"line":53,"column":8},"end":{"line":53,"column":48}},"10":{"start":{"line":54,"column":8},"end":{"line":54,"column":1447}},"11":{"start":{"line":55,"column":12},"end":{"line":55,"column":42}},"12":{"start":{"line":57,"column":8},"end":{"line":57,"column":22}}},"branchMap":{"1":{"line":46,"type":"if","locations":[{"start":{"line":46,"column":8},"end":{"line":46,"column":8}},{"start":{"line":46,"column":8},"end":{"line":46,"column":8}}]},"2":{"line":54,"type":"if","locations":[{"start":{"line":54,"column":8},"end":{"line":54,"column":8}},{"start":{"line":54,"column":8},"end":{"line":54,"column":8}}]}}},"contracts/mocks/TestToken.sol":{"l":{"14":0,"18":137,"22":0,"26":512},"path":"/Users/worms/Documents/templ/contracts/mocks/TestToken.sol","s":{"1":0,"2":512,"3":0},"b":{},"f":{"1":0,"2":137,"3":0,"4":512},"fnMap":{"1":{"name":"constructor","line":12,"loc":{"start":{"line":11,"column":4},"end":{"line":15,"column":4}}},"2":{"name":"decimals","line":17,"loc":{"start":{"line":17,"column":4},"end":{"line":19,"column":4}}},"3":{"name":"mint","line":21,"loc":{"start":{"line":21,"column":4},"end":{"line":23,"column":4}}},"4":{"name":"burn","line":25,"loc":{"start":{"line":25,"column":4},"end":{"line":27,"column":4}}}},"statementMap":{"1":{"start":{"line":18,"column":8},"end":{"line":18,"column":24}},"2":{"start":{"line":22,"column":8},"end":{"line":22,"column":24}},"3":{"start":{"line":26,"column":8},"end":{"line":26,"column":26}}},"branchMap":{}},"contracts/TEMPL.sol":{"l":{"73":119,"74":119,"75":68,"76":68,"77":68,"78":68,"80":4,"81":4,"82":4,"84":34,"85":33,"86":33,"88":8,"89":8,"90":8,"92":3,"93":3,"95":2,"179":270,"180":266,"184":12,"185":6,"189":332,"190":331,"194":334,"195":332,"212":138,"213":1,"215":137,"216":1,"218":136,"219":135,"221":134,"222":134,"223":134,"224":134,"225":134,"236":330,"237":330,"239":329,"240":329,"241":329,"243":329,"245":327,"246":327,"247":327,"248":327,"249":327,"250":327,"252":327,"253":206,"254":206,"255":206,"256":206,"259":327,"261":327,"262":327,"263":327,"264":327,"265":327,"266":327,"267":327,"269":327,"271":327,"273":326,"275":326,"277":326,"305":126,"306":125,"307":124,"308":123,"309":122,"310":6,"311":6,"312":6,"313":1,"315":5,"316":5,"320":121,"321":121,"322":1,"324":121,"325":120,"327":119,"328":119,"330":119,"331":119,"332":119,"333":119,"334":119,"335":119,"336":116,"337":116,"338":116,"339":116,"341":116,"342":116,"343":116,"344":116,"346":116,"347":116,"349":116,"351":116,"361":116,"362":114,"364":114,"365":112,"366":6,"368":106,"369":106,"372":106,"373":106,"375":106,"377":52,"378":41,"380":11,"384":4,"386":3,"387":3,"390":1,"391":1,"395":106,"404":46,"405":45,"407":45,"408":44,"410":43,"412":41,"414":41,"415":41,"416":41,"417":41,"421":41,"422":17,"424":4,"426":10,"428":7,"430":3,"433":29,"452":1,"467":1,"478":1,"502":11,"503":10,"505":9,"506":6,"507":4,"508":4,"510":1,"511":1,"512":1,"514":2,"515":1,"517":6,"526":8,"527":7,"528":7,"529":3,"530":2,"531":2,"532":2,"534":1,"535":1,"536":1,"537":1,"539":3,"540":3,"541":2,"543":5,"547":5,"548":4,"549":3,"550":2,"551":1,"553":2,"557":19,"558":19,"562":4,"563":4,"564":3,"565":3,"567":3,"568":3,"570":3,"571":3,"572":3,"573":3,"575":3,"584":69,"585":1,"588":68,"589":68,"590":68,"597":23,"598":23,"599":22,"600":22,"602":22,"603":22,"604":22,"606":22,"608":21,"633":15,"634":14,"635":14,"637":14,"657":2,"658":2,"660":2,"669":5,"671":5,"672":11,"673":9,"676":5,"677":5,"679":5,"680":11,"681":9,"685":5,"702":18,"703":16,"704":4,"707":12,"708":12,"709":12,"711":12,"712":40,"713":23,"715":40,"717":12,"718":12,"719":3,"720":3,"721":3,"722":3,"727":12,"728":12,"729":11,"732":12,"741":3,"756":2,"757":2,"777":1,"804":1,"812":6,"821":5,"822":3,"824":2},"path":"/Users/worms/Documents/templ/contracts/TEMPL.sol","s":{"1":119,"2":119,"3":68,"4":68,"5":51,"6":4,"7":47,"8":34,"9":13,"10":8,"11":5,"12":3,"13":270,"14":12,"15":332,"16":334,"17":138,"18":137,"19":136,"20":135,"21":330,"22":330,"23":329,"24":329,"25":329,"26":329,"27":327,"28":327,"29":206,"30":206,"31":327,"32":327,"33":327,"34":326,"35":326,"36":326,"37":126,"38":125,"39":124,"40":123,"41":122,"42":6,"43":6,"44":6,"45":121,"46":121,"47":121,"48":120,"49":119,"50":119,"51":119,"52":116,"53":116,"54":116,"55":114,"56":114,"57":112,"58":106,"59":106,"60":106,"61":52,"62":54,"63":4,"64":106,"65":46,"66":45,"67":45,"68":44,"69":43,"70":41,"71":41,"72":41,"73":17,"74":24,"75":4,"76":20,"77":10,"78":10,"79":7,"80":3,"81":3,"82":29,"83":1,"84":1,"85":1,"86":2,"87":1,"88":11,"89":10,"90":9,"91":6,"92":4,"93":3,"94":1,"95":1,"96":1,"97":2,"98":1,"99":6,"100":8,"101":7,"102":7,"103":3,"104":2,"105":4,"106":1,"107":1,"108":1,"109":3,"110":2,"111":5,"112":5,"113":4,"114":3,"115":2,"116":2,"117":19,"118":4,"119":4,"120":3,"121":3,"122":3,"123":3,"124":3,"125":69,"126":1,"127":68,"128":68,"129":68,"130":23,"131":23,"132":22,"133":22,"134":22,"135":21,"136":15,"137":14,"138":14,"139":2,"140":2,"141":2,"142":5,"143":5,"144":11,"145":5,"146":5,"147":5,"148":11,"149":5,"150":18,"151":16,"152":4,"153":12,"154":12,"155":12,"156":12,"157":40,"158":12,"159":3,"160":3,"161":12,"162":12,"163":3,"164":2,"165":2,"166":1,"167":1,"168":6,"169":5,"170":3,"171":2},"b":{"1":[68,51],"2":[0,68],"3":[4,47],"4":[0,4],"5":[34,13],"6":[1,33],"7":[8,5],"8":[0,8],"9":[3,2],"10":[0,3],"11":[4,266],"12":[6,6],"13":[1,331],"14":[2,332],"15":[1,137],"16":[1,0],"17":[0,0],"18":[1,136],"19":[1,135],"20":[1,134],"21":[332,2],"22":[331,1],"23":[330,1],"24":[1,329],"25":[2,327],"26":[206,121],"27":[126,1],"28":[1,125],"29":[1,124],"30":[1,123],"31":[1,122],"32":[6,116],"33":[1,5],"34":[1,120],"35":[1,120],"36":[1,119],"37":[116,1],"38":[2,114],"39":[2,112],"40":[6,106],"41":[52,54],"42":[41,11],"43":[4,50],"44":[3,1],"45":[46,0],"46":[1,45],"47":[1,44],"48":[1,43],"49":[2,41],"50":[41,0],"51":[17,24],"52":[4,20],"53":[10,10],"54":[7,3],"55":[3,0],"56":[1,2],"57":[1,1],"58":[1,1],"59":[2,1],"60":[1,1],"61":[1,10],"62":[1,9],"63":[6,3],"64":[2,4],"65":[1,2],"66":[0,1],"67":[0,1],"68":[1,1],"69":[1,7],"70":[3,4],"71":[1,2],"72":[1,3],"73":[0,1],"74":[0,1],"75":[1,2],"76":[1,4],"77":[3,1],"78":[1,2],"79":[1,1],"80":[1,3],"81":[0,3],"82":[1,68],"83":[56,12],"84":[24,2],"85":[23,1],"86":[1,22],"87":[0,22],"88":[1,14],"89":[0,2],"90":[9,2],"91":[9,2],"92":[2,16],"93":[1,1],"94":[4,12],"95":[23,17],"96":[3,9],"97":[3,0],"98":[3,2]},"f":{"1":119,"2":270,"3":12,"4":332,"5":334,"6":138,"7":330,"8":126,"9":116,"10":46,"11":1,"12":1,"13":1,"14":2,"15":1,"16":11,"17":8,"18":5,"19":19,"20":4,"21":69,"22":23,"23":15,"24":2,"25":5,"26":18,"27":3,"28":2,"29":1,"30":1,"31":6,"32":5},"fnMap":{"1":{"name":"_populateProposalParams","line":72,"loc":{"start":{"line":72,"column":4},"end":{"line":97,"column":4}}},"2":{"name":"onlyMember","line":178,"loc":{"start":{"line":178,"column":4},"end":{"line":181,"column":4}}},"3":{"name":"onlyDAO","line":183,"loc":{"start":{"line":183,"column":4},"end":{"line":186,"column":4}}},"4":{"name":"notSelf","line":188,"loc":{"start":{"line":188,"column":4},"end":{"line":191,"column":4}}},"5":{"name":"whenNotPaused","line":193,"loc":{"start":{"line":193,"column":4},"end":{"line":196,"column":4}}},"6":{"name":"constructor","line":206,"loc":{"start":{"line":206,"column":4},"end":{"line":226,"column":4}}},"7":{"name":"purchaseAccess","line":235,"loc":{"start":{"line":235,"column":4},"end":{"line":288,"column":4}}},"8":{"name":"createProposal","line":304,"loc":{"start":{"line":299,"column":4},"end":{"line":352,"column":4}}},"9":{"name":"vote","line":360,"loc":{"start":{"line":360,"column":4},"end":{"line":396,"column":4}}},"10":{"name":"executeProposal","line":403,"loc":{"start":{"line":403,"column":4},"end":{"line":434,"column":4}}},"11":{"name":"withdrawTreasuryDAO","line":451,"loc":{"start":{"line":446,"column":4},"end":{"line":453,"column":4}}},"12":{"name":"withdrawAllTreasuryDAO","line":466,"loc":{"start":{"line":462,"column":4},"end":{"line":468,"column":4}}},"13":{"name":"updateConfigDAO","line":477,"loc":{"start":{"line":477,"column":4},"end":{"line":479,"column":4}}},"14":{"name":"setPausedDAO","line":485,"loc":{"start":{"line":485,"column":4},"end":{"line":485,"column":80}}},"15":{"name":"disbandTreasuryDAO","line":492,"loc":{"start":{"line":492,"column":4},"end":{"line":492,"column":74}}},"16":{"name":"_withdrawTreasury","line":495,"loc":{"start":{"line":495,"column":4},"end":{"line":518,"column":4}}},"17":{"name":"_withdrawAllTreasury","line":520,"loc":{"start":{"line":520,"column":4},"end":{"line":544,"column":4}}},"18":{"name":"_updateConfig","line":546,"loc":{"start":{"line":546,"column":4},"end":{"line":554,"column":4}}},"19":{"name":"_setPaused","line":556,"loc":{"start":{"line":556,"column":4},"end":{"line":559,"column":4}}},"20":{"name":"_disbandTreasury","line":561,"loc":{"start":{"line":561,"column":4},"end":{"line":576,"column":4}}},"21":{"name":"getClaimablePoolAmount","line":583,"loc":{"start":{"line":583,"column":4},"end":{"line":591,"column":4}}},"22":{"name":"claimMemberPool","line":596,"loc":{"start":{"line":596,"column":4},"end":{"line":609,"column":4}}},"23":{"name":"getProposal","line":623,"loc":{"start":{"line":623,"column":4},"end":{"line":647,"column":4}}},"24":{"name":"hasVoted","line":656,"loc":{"start":{"line":656,"column":4},"end":{"line":661,"column":4}}},"25":{"name":"getActiveProposals","line":668,"loc":{"start":{"line":668,"column":4},"end":{"line":686,"column":4}}},"26":{"name":"getActiveProposalsPaginated","line":695,"loc":{"start":{"line":695,"column":4},"end":{"line":733,"column":4}}},"27":{"name":"hasAccess","line":740,"loc":{"start":{"line":740,"column":4},"end":{"line":742,"column":4}}},"28":{"name":"getPurchaseDetails","line":751,"loc":{"start":{"line":751,"column":4},"end":{"line":758,"column":4}}},"29":{"name":"getTreasuryInfo","line":769,"loc":{"start":{"line":769,"column":4},"end":{"line":785,"column":4}}},"30":{"name":"getConfig","line":796,"loc":{"start":{"line":796,"column":4},"end":{"line":805,"column":4}}},"31":{"name":"getMemberCount","line":811,"loc":{"start":{"line":811,"column":4},"end":{"line":813,"column":4}}},"32":{"name":"getVoteWeight","line":820,"loc":{"start":{"line":820,"column":4},"end":{"line":825,"column":4}}}},"statementMap":{"1":{"start":{"line":73,"column":8},"end":{"line":73,"column":41}},"2":{"start":{"line":74,"column":8},"end":{"line":74,"column":2527}},"3":{"start":{"line":75,"column":12},"end":{"line":75,"column":73}},"4":{"start":{"line":76,"column":12},"end":{"line":76,"column":55}},"5":{"start":{"line":79,"column":15},"end":{"line":79,"column":2795}},"6":{"start":{"line":80,"column":12},"end":{"line":80,"column":73}},"7":{"start":{"line":83,"column":15},"end":{"line":83,"column":3057}},"8":{"start":{"line":84,"column":12},"end":{"line":84,"column":73}},"9":{"start":{"line":87,"column":15},"end":{"line":87,"column":3362}},"10":{"start":{"line":88,"column":12},"end":{"line":88,"column":73}},"11":{"start":{"line":91,"column":15},"end":{"line":91,"column":3654}},"12":{"start":{"line":92,"column":12},"end":{"line":92,"column":68}},"13":{"start":{"line":179,"column":8},"end":{"line":179,"column":74}},"14":{"start":{"line":184,"column":8},"end":{"line":184,"column":68}},"15":{"start":{"line":189,"column":8},"end":{"line":189,"column":75}},"16":{"start":{"line":194,"column":8},"end":{"line":194,"column":60}},"17":{"start":{"line":212,"column":8},"end":{"line":212,"column":6970}},"18":{"start":{"line":215,"column":8},"end":{"line":215,"column":7131}},"19":{"start":{"line":218,"column":8},"end":{"line":218,"column":65}},"20":{"start":{"line":219,"column":8},"end":{"line":219,"column":69}},"21":{"start":{"line":236,"column":8},"end":{"line":236,"column":46}},"22":{"start":{"line":237,"column":8},"end":{"line":237,"column":62}},"23":{"start":{"line":239,"column":8},"end":{"line":239,"column":55}},"24":{"start":{"line":240,"column":8},"end":{"line":240,"column":78}},"25":{"start":{"line":241,"column":8},"end":{"line":241,"column":63}},"26":{"start":{"line":243,"column":8},"end":{"line":243,"column":106}},"27":{"start":{"line":249,"column":8},"end":{"line":249,"column":34}},"28":{"start":{"line":252,"column":8},"end":{"line":252,"column":8533}},"29":{"start":{"line":253,"column":12},"end":{"line":253,"column":94}},"30":{"start":{"line":254,"column":12},"end":{"line":254,"column":76}},"31":{"start":{"line":261,"column":8},"end":{"line":261,"column":53}},"32":{"start":{"line":269,"column":8},"end":{"line":269,"column":42}},"33":{"start":{"line":271,"column":8},"end":{"line":271,"column":67}},"34":{"start":{"line":273,"column":8},"end":{"line":273,"column":68}},"35":{"start":{"line":275,"column":8},"end":{"line":275,"column":79}},"36":{"start":{"line":277,"column":8},"end":{"line":277,"column":9701}},"37":{"start":{"line":305,"column":8},"end":{"line":305,"column":73}},"38":{"start":{"line":306,"column":8},"end":{"line":306,"column":85}},"39":{"start":{"line":307,"column":8},"end":{"line":307,"column":72}},"40":{"start":{"line":308,"column":8},"end":{"line":308,"column":71}},"41":{"start":{"line":309,"column":8},"end":{"line":309,"column":10906}},"42":{"start":{"line":310,"column":12},"end":{"line":310,"column":61}},"43":{"start":{"line":311,"column":12},"end":{"line":311,"column":69}},"44":{"start":{"line":312,"column":12},"end":{"line":312,"column":11093}},"45":{"start":{"line":320,"column":8},"end":{"line":320,"column":38}},"46":{"start":{"line":321,"column":8},"end":{"line":321,"column":11435}},"47":{"start":{"line":324,"column":8},"end":{"line":324,"column":81}},"48":{"start":{"line":325,"column":8},"end":{"line":325,"column":80}},"49":{"start":{"line":327,"column":8},"end":{"line":327,"column":44}},"50":{"start":{"line":328,"column":8},"end":{"line":328,"column":57}},"51":{"start":{"line":335,"column":8},"end":{"line":335,"column":51}},"52":{"start":{"line":349,"column":8},"end":{"line":349,"column":78}},"53":{"start":{"line":351,"column":8},"end":{"line":351,"column":25}},"54":{"start":{"line":361,"column":8},"end":{"line":361,"column":78}},"55":{"start":{"line":362,"column":8},"end":{"line":362,"column":58}},"56":{"start":{"line":364,"column":8},"end":{"line":364,"column":81}},"57":{"start":{"line":365,"column":8},"end":{"line":365,"column":13297}},"58":{"start":{"line":368,"column":8},"end":{"line":368,"column":53}},"59":{"start":{"line":369,"column":8},"end":{"line":369,"column":55}},"60":{"start":{"line":375,"column":8},"end":{"line":375,"column":13611}},"61":{"start":{"line":377,"column":12},"end":{"line":377,"column":13708}},"62":{"start":{"line":382,"column":15},"end":{"line":382,"column":13849}},"63":{"start":{"line":384,"column":12},"end":{"line":384,"column":13972}},"64":{"start":{"line":395,"column":8},"end":{"line":395,"column":73}},"65":{"start":{"line":404,"column":8},"end":{"line":404,"column":78}},"66":{"start":{"line":405,"column":8},"end":{"line":405,"column":58}},"67":{"start":{"line":407,"column":8},"end":{"line":407,"column":83}},"68":{"start":{"line":408,"column":8},"end":{"line":408,"column":67}},"69":{"start":{"line":410,"column":8},"end":{"line":410,"column":89}},"70":{"start":{"line":414,"column":8},"end":{"line":414,"column":48}},"71":{"start":{"line":415,"column":8},"end":{"line":415,"column":15135}},"72":{"start":{"line":421,"column":8},"end":{"line":421,"column":15404}},"73":{"start":{"line":422,"column":12},"end":{"line":422,"column":38}},"74":{"start":{"line":423,"column":15},"end":{"line":423,"column":15503}},"75":{"start":{"line":424,"column":12},"end":{"line":424,"column":62}},"76":{"start":{"line":425,"column":15},"end":{"line":425,"column":15629}},"77":{"start":{"line":426,"column":12},"end":{"line":426,"column":111}},"78":{"start":{"line":427,"column":15},"end":{"line":427,"column":15808}},"79":{"start":{"line":428,"column":12},"end":{"line":428,"column":97}},"80":{"start":{"line":429,"column":15},"end":{"line":429,"column":15976}},"81":{"start":{"line":430,"column":12},"end":{"line":430,"column":40}},"82":{"start":{"line":433,"column":8},"end":{"line":433,"column":55}},"83":{"start":{"line":452,"column":8},"end":{"line":452,"column":61}},"84":{"start":{"line":467,"column":8},"end":{"line":467,"column":56}},"85":{"start":{"line":478,"column":8},"end":{"line":478,"column":39}},"86":{"start":{"line":485,"column":59},"end":{"line":485,"column":77}},"87":{"start":{"line":492,"column":53},"end":{"line":492,"column":71}},"88":{"start":{"line":502,"column":8},"end":{"line":502,"column":74}},"89":{"start":{"line":503,"column":8},"end":{"line":503,"column":56}},"90":{"start":{"line":505,"column":8},"end":{"line":505,"column":18814}},"91":{"start":{"line":506,"column":12},"end":{"line":506,"column":90}},"92":{"start":{"line":508,"column":12},"end":{"line":508,"column":62}},"93":{"start":{"line":509,"column":15},"end":{"line":509,"column":19053}},"94":{"start":{"line":510,"column":12},"end":{"line":510,"column":96}},"95":{"start":{"line":511,"column":12},"end":{"line":511,"column":73}},"96":{"start":{"line":512,"column":12},"end":{"line":512,"column":70}},"97":{"start":{"line":514,"column":12},"end":{"line":514,"column":113}},"98":{"start":{"line":515,"column":12},"end":{"line":515,"column":56}},"99":{"start":{"line":517,"column":8},"end":{"line":517,"column":73}},"100":{"start":{"line":526,"column":8},"end":{"line":526,"column":74}},"101":{"start":{"line":527,"column":8},"end":{"line":527,"column":22}},"102":{"start":{"line":528,"column":8},"end":{"line":528,"column":19875}},"103":{"start":{"line":529,"column":12},"end":{"line":529,"column":74}},"104":{"start":{"line":532,"column":12},"end":{"line":532,"column":62}},"105":{"start":{"line":533,"column":15},"end":{"line":533,"column":20130}},"106":{"start":{"line":535,"column":12},"end":{"line":535,"column":65}},"107":{"start":{"line":536,"column":12},"end":{"line":536,"column":73}},"108":{"start":{"line":537,"column":12},"end":{"line":537,"column":70}},"109":{"start":{"line":540,"column":12},"end":{"line":540,"column":65}},"110":{"start":{"line":541,"column":12},"end":{"line":541,"column":56}},"111":{"start":{"line":543,"column":8},"end":{"line":543,"column":73}},"112":{"start":{"line":547,"column":8},"end":{"line":547,"column":99}},"113":{"start":{"line":548,"column":8},"end":{"line":548,"column":20893}},"114":{"start":{"line":549,"column":12},"end":{"line":549,"column":69}},"115":{"start":{"line":550,"column":12},"end":{"line":550,"column":73}},"116":{"start":{"line":553,"column":8},"end":{"line":553,"column":49}},"117":{"start":{"line":558,"column":8},"end":{"line":558,"column":36}},"118":{"start":{"line":562,"column":8},"end":{"line":562,"column":40}},"119":{"start":{"line":563,"column":8},"end":{"line":563,"column":61}},"120":{"start":{"line":564,"column":8},"end":{"line":564,"column":37}},"121":{"start":{"line":565,"column":8},"end":{"line":565,"column":50}},"122":{"start":{"line":570,"column":8},"end":{"line":570,"column":38}},"123":{"start":{"line":571,"column":8},"end":{"line":571,"column":38}},"124":{"start":{"line":575,"column":8},"end":{"line":575,"column":72}},"125":{"start":{"line":584,"column":8},"end":{"line":584,"column":22138}},"126":{"start":{"line":585,"column":12},"end":{"line":585,"column":20}},"127":{"start":{"line":588,"column":8},"end":{"line":588,"column":49}},"128":{"start":{"line":589,"column":8},"end":{"line":589,"column":57}},"129":{"start":{"line":590,"column":8},"end":{"line":590,"column":58}},"130":{"start":{"line":597,"column":8},"end":{"line":597,"column":62}},"131":{"start":{"line":598,"column":8},"end":{"line":598,"column":65}},"132":{"start":{"line":599,"column":8},"end":{"line":599,"column":73}},"133":{"start":{"line":600,"column":8},"end":{"line":600,"column":83}},"134":{"start":{"line":606,"column":8},"end":{"line":606,"column":62}},"135":{"start":{"line":608,"column":8},"end":{"line":608,"column":70}},"136":{"start":{"line":633,"column":8},"end":{"line":633,"column":78}},"137":{"start":{"line":634,"column":8},"end":{"line":634,"column":58}},"138":{"start":{"line":637,"column":8},"end":{"line":637,"column":24215}},"139":{"start":{"line":657,"column":8},"end":{"line":657,"column":78}},"140":{"start":{"line":658,"column":8},"end":{"line":658,"column":58}},"141":{"start":{"line":660,"column":8},"end":{"line":660,"column":71}},"142":{"start":{"line":669,"column":8},"end":{"line":669,"column":31}},"143":{"start":{"line":671,"column":8},"end":{"line":671,"column":25437}},"144":{"start":{"line":672,"column":12},"end":{"line":672,"column":25499}},"145":{"start":{"line":676,"column":8},"end":{"line":676,"column":63}},"146":{"start":{"line":677,"column":8},"end":{"line":677,"column":25}},"147":{"start":{"line":679,"column":8},"end":{"line":679,"column":25731}},"148":{"start":{"line":680,"column":12},"end":{"line":680,"column":25793}},"149":{"start":{"line":685,"column":8},"end":{"line":685,"column":24}},"150":{"start":{"line":702,"column":8},"end":{"line":702,"column":75}},"151":{"start":{"line":703,"column":8},"end":{"line":703,"column":26546}},"152":{"start":{"line":704,"column":12},"end":{"line":704,"column":44}},"153":{"start":{"line":707,"column":8},"end":{"line":707,"column":55}},"154":{"start":{"line":708,"column":8},"end":{"line":708,"column":25}},"155":{"start":{"line":709,"column":8},"end":{"line":709,"column":32}},"156":{"start":{"line":711,"column":8},"end":{"line":711,"column":26761}},"157":{"start":{"line":712,"column":12},"end":{"line":712,"column":26845}},"158":{"start":{"line":718,"column":8},"end":{"line":718,"column":27037}},"159":{"start":{"line":719,"column":12},"end":{"line":719,"column":27084}},"160":{"start":{"line":720,"column":16},"end":{"line":720,"column":27156}},"161":{"start":{"line":728,"column":8},"end":{"line":728,"column":27378}},"162":{"start":{"line":732,"column":8},"end":{"line":732,"column":37}},"163":{"start":{"line":741,"column":8},"end":{"line":741,"column":38}},"164":{"start":{"line":756,"column":8},"end":{"line":756,"column":40}},"165":{"start":{"line":757,"column":8},"end":{"line":757,"column":50}},"166":{"start":{"line":777,"column":8},"end":{"line":777,"column":29017}},"167":{"start":{"line":804,"column":8},"end":{"line":804,"column":98}},"168":{"start":{"line":812,"column":8},"end":{"line":812,"column":32}},"169":{"start":{"line":821,"column":8},"end":{"line":821,"column":30383}},"170":{"start":{"line":822,"column":12},"end":{"line":822,"column":20}},"171":{"start":{"line":824,"column":8},"end":{"line":824,"column":16}}},"branchMap":{"1":{"line":74,"type":"if","locations":[{"start":{"line":74,"column":8},"end":{"line":74,"column":8}},{"start":{"line":74,"column":8},"end":{"line":74,"column":8}}]},"2":{"line":75,"type":"if","locations":[{"start":{"line":75,"column":12},"end":{"line":75,"column":12}},{"start":{"line":75,"column":12},"end":{"line":75,"column":12}}]},"3":{"line":79,"type":"if","locations":[{"start":{"line":79,"column":15},"end":{"line":79,"column":15}},{"start":{"line":79,"column":15},"end":{"line":79,"column":15}}]},"4":{"line":80,"type":"if","locations":[{"start":{"line":80,"column":12},"end":{"line":80,"column":12}},{"start":{"line":80,"column":12},"end":{"line":80,"column":12}}]},"5":{"line":83,"type":"if","locations":[{"start":{"line":83,"column":15},"end":{"line":83,"column":15}},{"start":{"line":83,"column":15},"end":{"line":83,"column":15}}]},"6":{"line":84,"type":"if","locations":[{"start":{"line":84,"column":12},"end":{"line":84,"column":12}},{"start":{"line":84,"column":12},"end":{"line":84,"column":12}}]},"7":{"line":87,"type":"if","locations":[{"start":{"line":87,"column":15},"end":{"line":87,"column":15}},{"start":{"line":87,"column":15},"end":{"line":87,"column":15}}]},"8":{"line":88,"type":"if","locations":[{"start":{"line":88,"column":12},"end":{"line":88,"column":12}},{"start":{"line":88,"column":12},"end":{"line":88,"column":12}}]},"9":{"line":91,"type":"if","locations":[{"start":{"line":91,"column":15},"end":{"line":91,"column":15}},{"start":{"line":91,"column":15},"end":{"line":91,"column":15}}]},"10":{"line":92,"type":"if","locations":[{"start":{"line":92,"column":12},"end":{"line":92,"column":12}},{"start":{"line":92,"column":12},"end":{"line":92,"column":12}}]},"11":{"line":179,"type":"if","locations":[{"start":{"line":179,"column":8},"end":{"line":179,"column":8}},{"start":{"line":179,"column":8},"end":{"line":179,"column":8}}]},"12":{"line":184,"type":"if","locations":[{"start":{"line":184,"column":8},"end":{"line":184,"column":8}},{"start":{"line":184,"column":8},"end":{"line":184,"column":8}}]},"13":{"line":189,"type":"if","locations":[{"start":{"line":189,"column":8},"end":{"line":189,"column":8}},{"start":{"line":189,"column":8},"end":{"line":189,"column":8}}]},"14":{"line":194,"type":"if","locations":[{"start":{"line":194,"column":8},"end":{"line":194,"column":8}},{"start":{"line":194,"column":8},"end":{"line":194,"column":8}}]},"15":{"line":212,"type":"if","locations":[{"start":{"line":212,"column":8},"end":{"line":212,"column":8}},{"start":{"line":212,"column":8},"end":{"line":212,"column":8}}]},"16":{"line":212,"type":"cond-expr","locations":[{"start":{"line":212,"column":12},"end":{"line":212,"column":32}},{"start":{"line":212,"column":37},"end":{"line":212,"column":71}}]},"17":{"line":212,"type":"cond-expr","locations":[{"start":{"line":212,"column":12},"end":{"line":212,"column":71}},{"start":{"line":212,"column":76},"end":{"line":212,"column":95}}]},"18":{"line":215,"type":"if","locations":[{"start":{"line":215,"column":8},"end":{"line":215,"column":8}},{"start":{"line":215,"column":8},"end":{"line":215,"column":8}}]},"19":{"line":218,"type":"if","locations":[{"start":{"line":218,"column":8},"end":{"line":218,"column":8}},{"start":{"line":218,"column":8},"end":{"line":218,"column":8}}]},"20":{"line":219,"type":"if","locations":[{"start":{"line":219,"column":8},"end":{"line":219,"column":8}},{"start":{"line":219,"column":8},"end":{"line":219,"column":8}}]},"21":{"line":235,"type":"if","locations":[{"start":{"line":235,"column":39},"end":{"line":235,"column":39}},{"start":{"line":235,"column":39},"end":{"line":235,"column":39}}]},"22":{"line":235,"type":"if","locations":[{"start":{"line":235,"column":53},"end":{"line":235,"column":53}},{"start":{"line":235,"column":53},"end":{"line":235,"column":53}}]},"23":{"line":235,"type":"if","locations":[{"start":{"line":235,"column":61},"end":{"line":235,"column":61}},{"start":{"line":235,"column":61},"end":{"line":235,"column":61}}]},"24":{"line":237,"type":"if","locations":[{"start":{"line":237,"column":8},"end":{"line":237,"column":8}},{"start":{"line":237,"column":8},"end":{"line":237,"column":8}}]},"25":{"line":243,"type":"if","locations":[{"start":{"line":243,"column":8},"end":{"line":243,"column":8}},{"start":{"line":243,"column":8},"end":{"line":243,"column":8}}]},"26":{"line":252,"type":"if","locations":[{"start":{"line":252,"column":8},"end":{"line":252,"column":8}},{"start":{"line":252,"column":8},"end":{"line":252,"column":8}}]},"27":{"line":304,"type":"if","locations":[{"start":{"line":304,"column":15},"end":{"line":304,"column":15}},{"start":{"line":304,"column":15},"end":{"line":304,"column":15}}]},"28":{"line":305,"type":"if","locations":[{"start":{"line":305,"column":8},"end":{"line":305,"column":8}},{"start":{"line":305,"column":8},"end":{"line":305,"column":8}}]},"29":{"line":306,"type":"if","locations":[{"start":{"line":306,"column":8},"end":{"line":306,"column":8}},{"start":{"line":306,"column":8},"end":{"line":306,"column":8}}]},"30":{"line":307,"type":"if","locations":[{"start":{"line":307,"column":8},"end":{"line":307,"column":8}},{"start":{"line":307,"column":8},"end":{"line":307,"column":8}}]},"31":{"line":308,"type":"if","locations":[{"start":{"line":308,"column":8},"end":{"line":308,"column":8}},{"start":{"line":308,"column":8},"end":{"line":308,"column":8}}]},"32":{"line":309,"type":"if","locations":[{"start":{"line":309,"column":8},"end":{"line":309,"column":8}},{"start":{"line":309,"column":8},"end":{"line":309,"column":8}}]},"33":{"line":312,"type":"if","locations":[{"start":{"line":312,"column":12},"end":{"line":312,"column":12}},{"start":{"line":312,"column":12},"end":{"line":312,"column":12}}]},"34":{"line":321,"type":"if","locations":[{"start":{"line":321,"column":8},"end":{"line":321,"column":8}},{"start":{"line":321,"column":8},"end":{"line":321,"column":8}}]},"35":{"line":324,"type":"if","locations":[{"start":{"line":324,"column":8},"end":{"line":324,"column":8}},{"start":{"line":324,"column":8},"end":{"line":324,"column":8}}]},"36":{"line":325,"type":"if","locations":[{"start":{"line":325,"column":8},"end":{"line":325,"column":8}},{"start":{"line":325,"column":8},"end":{"line":325,"column":8}}]},"37":{"line":360,"type":"if","locations":[{"start":{"line":360,"column":63},"end":{"line":360,"column":63}},{"start":{"line":360,"column":63},"end":{"line":360,"column":63}}]},"38":{"line":361,"type":"if","locations":[{"start":{"line":361,"column":8},"end":{"line":361,"column":8}},{"start":{"line":361,"column":8},"end":{"line":361,"column":8}}]},"39":{"line":364,"type":"if","locations":[{"start":{"line":364,"column":8},"end":{"line":364,"column":8}},{"start":{"line":364,"column":8},"end":{"line":364,"column":8}}]},"40":{"line":365,"type":"if","locations":[{"start":{"line":365,"column":8},"end":{"line":365,"column":8}},{"start":{"line":365,"column":8},"end":{"line":365,"column":8}}]},"41":{"line":375,"type":"if","locations":[{"start":{"line":375,"column":8},"end":{"line":375,"column":8}},{"start":{"line":375,"column":8},"end":{"line":375,"column":8}}]},"42":{"line":377,"type":"if","locations":[{"start":{"line":377,"column":12},"end":{"line":377,"column":12}},{"start":{"line":377,"column":12},"end":{"line":377,"column":12}}]},"43":{"line":382,"type":"if","locations":[{"start":{"line":382,"column":15},"end":{"line":382,"column":15}},{"start":{"line":382,"column":15},"end":{"line":382,"column":15}}]},"44":{"line":384,"type":"if","locations":[{"start":{"line":384,"column":12},"end":{"line":384,"column":12}},{"start":{"line":384,"column":12},"end":{"line":384,"column":12}}]},"45":{"line":403,"type":"if","locations":[{"start":{"line":403,"column":59},"end":{"line":403,"column":59}},{"start":{"line":403,"column":59},"end":{"line":403,"column":59}}]},"46":{"line":404,"type":"if","locations":[{"start":{"line":404,"column":8},"end":{"line":404,"column":8}},{"start":{"line":404,"column":8},"end":{"line":404,"column":8}}]},"47":{"line":407,"type":"if","locations":[{"start":{"line":407,"column":8},"end":{"line":407,"column":8}},{"start":{"line":407,"column":8},"end":{"line":407,"column":8}}]},"48":{"line":408,"type":"if","locations":[{"start":{"line":408,"column":8},"end":{"line":408,"column":8}},{"start":{"line":408,"column":8},"end":{"line":408,"column":8}}]},"49":{"line":410,"type":"if","locations":[{"start":{"line":410,"column":8},"end":{"line":410,"column":8}},{"start":{"line":410,"column":8},"end":{"line":410,"column":8}}]},"50":{"line":415,"type":"if","locations":[{"start":{"line":415,"column":8},"end":{"line":415,"column":8}},{"start":{"line":415,"column":8},"end":{"line":415,"column":8}}]},"51":{"line":421,"type":"if","locations":[{"start":{"line":421,"column":8},"end":{"line":421,"column":8}},{"start":{"line":421,"column":8},"end":{"line":421,"column":8}}]},"52":{"line":423,"type":"if","locations":[{"start":{"line":423,"column":15},"end":{"line":423,"column":15}},{"start":{"line":423,"column":15},"end":{"line":423,"column":15}}]},"53":{"line":425,"type":"if","locations":[{"start":{"line":425,"column":15},"end":{"line":425,"column":15}},{"start":{"line":425,"column":15},"end":{"line":425,"column":15}}]},"54":{"line":427,"type":"if","locations":[{"start":{"line":427,"column":15},"end":{"line":427,"column":15}},{"start":{"line":427,"column":15},"end":{"line":427,"column":15}}]},"55":{"line":429,"type":"if","locations":[{"start":{"line":429,"column":15},"end":{"line":429,"column":15}},{"start":{"line":429,"column":15},"end":{"line":429,"column":15}}]},"56":{"line":451,"type":"if","locations":[{"start":{"line":451,"column":15},"end":{"line":451,"column":15}},{"start":{"line":451,"column":15},"end":{"line":451,"column":15}}]},"57":{"line":466,"type":"if","locations":[{"start":{"line":466,"column":15},"end":{"line":466,"column":15}},{"start":{"line":466,"column":15},"end":{"line":466,"column":15}}]},"58":{"line":477,"type":"if","locations":[{"start":{"line":477,"column":73},"end":{"line":477,"column":73}},{"start":{"line":477,"column":73},"end":{"line":477,"column":73}}]},"59":{"line":485,"type":"if","locations":[{"start":{"line":485,"column":49},"end":{"line":485,"column":49}},{"start":{"line":485,"column":49},"end":{"line":485,"column":49}}]},"60":{"line":492,"type":"if","locations":[{"start":{"line":492,"column":43},"end":{"line":492,"column":43}},{"start":{"line":492,"column":43},"end":{"line":492,"column":43}}]},"61":{"line":502,"type":"if","locations":[{"start":{"line":502,"column":8},"end":{"line":502,"column":8}},{"start":{"line":502,"column":8},"end":{"line":502,"column":8}}]},"62":{"line":503,"type":"if","locations":[{"start":{"line":503,"column":8},"end":{"line":503,"column":8}},{"start":{"line":503,"column":8},"end":{"line":503,"column":8}}]},"63":{"line":505,"type":"if","locations":[{"start":{"line":505,"column":8},"end":{"line":505,"column":8}},{"start":{"line":505,"column":8},"end":{"line":505,"column":8}}]},"64":{"line":506,"type":"if","locations":[{"start":{"line":506,"column":12},"end":{"line":506,"column":12}},{"start":{"line":506,"column":12},"end":{"line":506,"column":12}}]},"65":{"line":509,"type":"if","locations":[{"start":{"line":509,"column":15},"end":{"line":509,"column":15}},{"start":{"line":509,"column":15},"end":{"line":509,"column":15}}]},"66":{"line":510,"type":"if","locations":[{"start":{"line":510,"column":12},"end":{"line":510,"column":12}},{"start":{"line":510,"column":12},"end":{"line":510,"column":12}}]},"67":{"line":512,"type":"if","locations":[{"start":{"line":512,"column":12},"end":{"line":512,"column":12}},{"start":{"line":512,"column":12},"end":{"line":512,"column":12}}]},"68":{"line":514,"type":"if","locations":[{"start":{"line":514,"column":12},"end":{"line":514,"column":12}},{"start":{"line":514,"column":12},"end":{"line":514,"column":12}}]},"69":{"line":526,"type":"if","locations":[{"start":{"line":526,"column":8},"end":{"line":526,"column":8}},{"start":{"line":526,"column":8},"end":{"line":526,"column":8}}]},"70":{"line":528,"type":"if","locations":[{"start":{"line":528,"column":8},"end":{"line":528,"column":8}},{"start":{"line":528,"column":8},"end":{"line":528,"column":8}}]},"71":{"line":529,"type":"if","locations":[{"start":{"line":529,"column":12},"end":{"line":529,"column":12}},{"start":{"line":529,"column":12},"end":{"line":529,"column":12}}]},"72":{"line":533,"type":"if","locations":[{"start":{"line":533,"column":15},"end":{"line":533,"column":15}},{"start":{"line":533,"column":15},"end":{"line":533,"column":15}}]},"73":{"line":535,"type":"if","locations":[{"start":{"line":535,"column":12},"end":{"line":535,"column":12}},{"start":{"line":535,"column":12},"end":{"line":535,"column":12}}]},"74":{"line":537,"type":"if","locations":[{"start":{"line":537,"column":12},"end":{"line":537,"column":12}},{"start":{"line":537,"column":12},"end":{"line":537,"column":12}}]},"75":{"line":540,"type":"if","locations":[{"start":{"line":540,"column":12},"end":{"line":540,"column":12}},{"start":{"line":540,"column":12},"end":{"line":540,"column":12}}]},"76":{"line":547,"type":"if","locations":[{"start":{"line":547,"column":8},"end":{"line":547,"column":8}},{"start":{"line":547,"column":8},"end":{"line":547,"column":8}}]},"77":{"line":548,"type":"if","locations":[{"start":{"line":548,"column":8},"end":{"line":548,"column":8}},{"start":{"line":548,"column":8},"end":{"line":548,"column":8}}]},"78":{"line":549,"type":"if","locations":[{"start":{"line":549,"column":12},"end":{"line":549,"column":12}},{"start":{"line":549,"column":12},"end":{"line":549,"column":12}}]},"79":{"line":550,"type":"if","locations":[{"start":{"line":550,"column":12},"end":{"line":550,"column":12}},{"start":{"line":550,"column":12},"end":{"line":550,"column":12}}]},"80":{"line":563,"type":"if","locations":[{"start":{"line":563,"column":8},"end":{"line":563,"column":8}},{"start":{"line":563,"column":8},"end":{"line":563,"column":8}}]},"81":{"line":565,"type":"if","locations":[{"start":{"line":565,"column":8},"end":{"line":565,"column":8}},{"start":{"line":565,"column":8},"end":{"line":565,"column":8}}]},"82":{"line":584,"type":"if","locations":[{"start":{"line":584,"column":8},"end":{"line":584,"column":8}},{"start":{"line":584,"column":8},"end":{"line":584,"column":8}}]},"83":{"line":590,"type":"if","locations":[{"start":{"line":590,"column":36},"end":{"line":590,"column":53}},{"start":{"line":590,"column":57},"end":{"line":590,"column":57}}]},"84":{"line":596,"type":"if","locations":[{"start":{"line":596,"column":40},"end":{"line":596,"column":40}},{"start":{"line":596,"column":40},"end":{"line":596,"column":40}}]},"85":{"line":596,"type":"if","locations":[{"start":{"line":596,"column":51},"end":{"line":596,"column":51}},{"start":{"line":596,"column":51},"end":{"line":596,"column":51}}]},"86":{"line":598,"type":"if","locations":[{"start":{"line":598,"column":8},"end":{"line":598,"column":8}},{"start":{"line":598,"column":8},"end":{"line":598,"column":8}}]},"87":{"line":600,"type":"if","locations":[{"start":{"line":600,"column":8},"end":{"line":600,"column":8}},{"start":{"line":600,"column":8},"end":{"line":600,"column":8}}]},"88":{"line":633,"type":"if","locations":[{"start":{"line":633,"column":8},"end":{"line":633,"column":8}},{"start":{"line":633,"column":8},"end":{"line":633,"column":8}}]},"89":{"line":657,"type":"if","locations":[{"start":{"line":657,"column":8},"end":{"line":657,"column":8}},{"start":{"line":657,"column":8},"end":{"line":657,"column":8}}]},"90":{"line":672,"type":"if","locations":[{"start":{"line":672,"column":12},"end":{"line":672,"column":12}},{"start":{"line":672,"column":12},"end":{"line":672,"column":12}}]},"91":{"line":680,"type":"if","locations":[{"start":{"line":680,"column":12},"end":{"line":680,"column":12}},{"start":{"line":680,"column":12},"end":{"line":680,"column":12}}]},"92":{"line":702,"type":"if","locations":[{"start":{"line":702,"column":8},"end":{"line":702,"column":8}},{"start":{"line":702,"column":8},"end":{"line":702,"column":8}}]},"93":{"line":702,"type":"cond-expr","locations":[{"start":{"line":702,"column":12},"end":{"line":702,"column":21}},{"start":{"line":702,"column":26},"end":{"line":702,"column":36}}]},"94":{"line":703,"type":"if","locations":[{"start":{"line":703,"column":8},"end":{"line":703,"column":8}},{"start":{"line":703,"column":8},"end":{"line":703,"column":8}}]},"95":{"line":712,"type":"if","locations":[{"start":{"line":712,"column":12},"end":{"line":712,"column":12}},{"start":{"line":712,"column":12},"end":{"line":712,"column":12}}]},"96":{"line":718,"type":"if","locations":[{"start":{"line":718,"column":8},"end":{"line":718,"column":8}},{"start":{"line":718,"column":8},"end":{"line":718,"column":8}}]},"97":{"line":720,"type":"if","locations":[{"start":{"line":720,"column":16},"end":{"line":720,"column":16}},{"start":{"line":720,"column":16},"end":{"line":720,"column":16}}]},"98":{"line":821,"type":"if","locations":[{"start":{"line":821,"column":8},"end":{"line":821,"column":8}},{"start":{"line":821,"column":8},"end":{"line":821,"column":8}}]}}},"contracts/TemplErrors.sol":{"l":{},"path":"/Users/worms/Documents/templ/contracts/TemplErrors.sol","s":{},"b":{},"f":{},"fnMap":{},"statementMap":{},"branchMap":{}}}